<?xml version="1.0" encoding="UTF-8" ?>
<testsuite failures="0" time="1.606" errors="0" skipped="0" tests="9" name="uk.co.dmott.myappiumjunit.myappiumwithcucumber.RunnerTest">
  <properties>
[...]
</properties>
  <testcase time="0.002" classname="Scenario: As a User of the NewMetro app I can enter the beats per minute into the Edit field" name="Given I am on the Control page"/>
  <testcase time="0" classname="Scenario: As a User of the NewMetro app I can enter the beats per minute into the Edit field" name="When I enter &quot;100&quot; into the BPM field"/>
  <testcase time="0.001" classname="Scenario: As a User of the NewMetro app I can enter the beats per minute into the Edit field" name="And I enter the Return key"/>
  <testcase time="0.001" classname="Scenario: As a User of the NewMetro app I can enter the beats per minute into the Edit field" name="Then The Slider will be set to value &quot;100&quot;"/>
  <testcase time="0.782" classname="Scenario: As a User of the NewMetro app I can enter the beats per minute into the Edit field" name="Scenario: As a User of the NewMetro app I can enter the beats per minute into the Edit field"/>
  <testcase time="0.001" classname="Scenario: As a User of the NewMetro app I can enter the beats per minute by using the slider" name="Given I am on the Control page"/>
  <testcase time="0" classname="Scenario: As a User of the NewMetro app I can enter the beats per minute by using the slider" name="When I set the slider bpm value to &quot;100&quot;"/>
  <testcase time="0" classname="Scenario: As a User of the NewMetro app I can enter the beats per minute by using the slider" name="Then The BPM field will be set to value &quot;100&quot;"/>
  <testcase time="0.819" classname="Scenario: As a User of the NewMetro app I can enter the beats per minute by using the slider" name="Scenario: As a User of the NewMetro app I can enter the beats per minute by using the slider"/>
</testsuite>